[debug] [2024-02-01T00:23:29.992Z] ----------------------------------------------------------------------
[debug] [2024-02-01T00:23:30.003Z] Command:       C:\Program Files\nodejs\node.exe C:\Users\roxpl\AppData\Roaming\npm\node_modules\firebase-tools\lib\bin\firebase.js init
[debug] [2024-02-01T00:23:30.004Z] CLI Version:   13.0.3
[debug] [2024-02-01T00:23:30.005Z] Platform:      win32
[debug] [2024-02-01T00:23:30.005Z] Node Version:  v21.5.0
[debug] [2024-02-01T00:23:30.006Z] Time:          Wed Jan 31 2024 21:23:30 GMT-0300 (hora estándar de Argentina)
[debug] [2024-02-01T00:23:30.006Z] ----------------------------------------------------------------------
[debug] 
[debug] [2024-02-01T00:23:30.024Z] >>> [apiv2][query] GET https://firebase-public.firebaseio.com/cli.json [none]
[debug] [2024-02-01T00:23:30.160Z] > command requires scopes: ["email","openid","https://www.googleapis.com/auth/cloudplatformprojects.readonly","https://www.googleapis.com/auth/firebase","https://www.googleapis.com/auth/cloud-platform"]
[debug] [2024-02-01T00:23:30.161Z] > authorizing via signed-in user (eliseo050595@gmail.com)
[info] 
     ######## #### ########  ######## ########     ###     ######  ########
     ##        ##  ##     ## ##       ##     ##  ##   ##  ##       ##
     ######    ##  ########  ######   ########  #########  ######  ######
     ##        ##  ##    ##  ##       ##     ## ##     ##       ## ##
     ##       #### ##     ## ######## ########  ##     ##  ######  ########

You're about to initialize a Firebase project in this directory:

  C:\Users\roxpl\Desktop\Mega\MEGAsync\node\generate-cd-static

[debug] [2024-02-01T00:23:30.588Z] <<< [apiv2][status] GET https://firebase-public.firebaseio.com/cli.json 200
[debug] [2024-02-01T00:23:30.589Z] <<< [apiv2][body] GET https://firebase-public.firebaseio.com/cli.json {"cloudBuildErrorAfter":1594252800000,"cloudBuildWarnAfter":1590019200000,"defaultNode10After":1594252800000,"minVersion":"3.0.5","node8DeploysDisabledAfter":1613390400000,"node8RuntimeDisabledAfter":1615809600000,"node8WarnAfter":1600128000000}
[info] 
=== Project Setup
[info] 
[info] First, let's associate this project directory with a Firebase project.
[info] You can create multiple project aliases by running firebase use --add, 
[info] but for now we'll just set up a default project.
[info] 
[debug] [2024-02-01T00:24:24.685Z] > refreshing access token with scopes: []
[debug] [2024-02-01T00:24:24.687Z] >>> [apiv2][query] POST https://www.googleapis.com/oauth2/v3/token [none]
[debug] [2024-02-01T00:24:24.688Z] >>> [apiv2][body] POST https://www.googleapis.com/oauth2/v3/token [omitted]
[debug] [2024-02-01T00:24:24.823Z] <<< [apiv2][status] POST https://www.googleapis.com/oauth2/v3/token 200
[debug] [2024-02-01T00:24:24.823Z] <<< [apiv2][body] POST https://www.googleapis.com/oauth2/v3/token [omitted]
[debug] [2024-02-01T00:24:24.866Z] >>> [apiv2][query] GET https://firebase.googleapis.com/v1beta1/projects pageSize=100
[debug] [2024-02-01T00:24:25.843Z] <<< [apiv2][status] GET https://firebase.googleapis.com/v1beta1/projects 200
[debug] [2024-02-01T00:24:25.843Z] <<< [apiv2][body] GET https://firebase.googleapis.com/v1beta1/projects [omitted]
[info] i  Using project generate-cd (generate-cd) 
[info] 
=== Hosting Setup
[debug] [2024-02-01T00:24:53.687Z] >>> [apiv2][query] GET https://firebase.googleapis.com/v1beta1/projects/generate-cd [none]
[debug] [2024-02-01T00:24:54.028Z] <<< [apiv2][status] GET https://firebase.googleapis.com/v1beta1/projects/generate-cd 200
[debug] [2024-02-01T00:24:54.028Z] <<< [apiv2][body] GET https://firebase.googleapis.com/v1beta1/projects/generate-cd {"projectId":"generate-cd","projectNumber":"1080440532392","displayName":"generate-cd","name":"projects/generate-cd","resources":{"hostingSite":"generate-cd"},"state":"ACTIVE","etag":"1_d15ef5f3-e12d-47b8-9e2d-f0d31af8dc89"}
[info] 
[info] Your public directory is the folder (relative to your project directory) that
[info] will contain Hosting assets to be uploaded with firebase deploy. If you
[info] have a build process for your assets, use your build's output directory.
[info] 
